<?xml version="1.0" encoding="UTF-8"?>
<testng-results ignored="0" total="1" passed="1" failed="0" skipped="0">
  <reporter-output>
  </reporter-output>
  <suite started-at="2024-04-16T19:18:45 EDT" name="Suite" finished-at="2024-04-16T19:18:56 EDT" duration-ms="10696">
    <groups>
    </groups>
    <test started-at="2024-04-16T19:18:45 EDT" name="Test" finished-at="2024-04-16T19:18:56 EDT" duration-ms="10696">
      <class name="automation.Test">
        <test-method signature="countlinks()[pri:0, instance:automation.Test@5f058f00]" started-at="2024-04-16T19:18:45 EDT" name="countlinks" finished-at="2024-04-16T19:18:56 EDT" duration-ms="10650" status="PASS">
          <reporter-output>
          </reporter-output>
        </test-method> <!-- countlinks -->
      </class> <!-- automation.Test -->
    </test> <!-- Test -->
  </suite> <!-- Suite -->
</testng-results>
